2021-07-29 15:30:42;MSFT;sell;240.07;USD;327;65fad854-7943-11eb-929d-8c85906a186d
2021-07-29 15:31:12;MA;sell;314.91;USD;712;65fae24a-7943-11eb-9171-8c85906a186d
2021-07-29 15:31:32;BAC;buy;34.16;USD;635;65fae466-7943-11eb-8f48-8c85906a186d
2021-07-29 15:37:09;BAC;sell;36.67;USD;897;65fae614-7943-11eb-9ccb-8c85906a186d
2021-07-29 17:34:12;JNJ;buy;155.16;USD;780;65fb007c-7943-11eb-a628-8c85906a186d
2021-07-29 17:42:59;FB;sell;238.54;USD;171;65fb01d0-7943-11eb-9194-8c85906a186d
2021-07-29 17:44:49;BAC;sell;35.77;USD;667;65fb032e-7943-11eb-977b-8c85906a186d
2021-07-29 17:52:07;AMZN;buy;3187.55;USD;552;65fb0540-7943-11eb-8bda-8c85906a186d
2021-07-29 17:58:18;V;sell;215.31;USD;406;65fb0662-7943-11eb-87fe-8c85906a186d
2021-07-29 18:07:14;MSFT;sell;224.15;USD;48;65fb0770-7943-11eb-8069-8c85906a186d
2021-07-29 19:31:16;BABA;buy;232.71;USD;895;65fb1bde-7943-11eb-817d-8c85906a186d
2021-07-29 19:32:17;JPM;sell;159.21;USD;705;65fb1cf6-7943-11eb-8c60-8c85906a186d
2021-07-29 19:36:47;WMT;buy;137.27;USD;817;65fb1e0e-7943-11eb-a0d2-8c85906a186d
2021-07-29 19:46:41;PG;buy;117.89;USD;641;65fb1f1c-7943-11eb-826b-8c85906a186d
2021-07-29 20:01:26;BABA;buy;245.28;USD;512;65fb2264-7943-11eb-a174-8c85906a186d
2021-07-29 20:06:53;V;sell;218.72;USD;272;65fb237c-7943-11eb-83a3-8c85906a186d
2021-07-29 20:10:21;DIS;buy;204.36;USD;537;65fb2494-7943-11eb-8da1-8c85906a186d
2021-07-29 21:59:29;TSM;sell;140.41;USD;896;65fb3c4a-7943-11eb-9c75-8c85906a186d
2021-07-29 22:00:37;AMZN;buy;3485.96;USD;9334;65fb3d62-7943-11eb-88e3-8c85906a186d
2021-07-29 22:21:31;TSLA;sell;681.74;USD;7122;65fb41a4-7943-11eb-a09f-8c85906a186d
2021-07-29 22:26:16;GOOGL;buy;2010.80;USD;335;65fb42c6-7943-11eb-9dfc-8c85906a186d
2021-07-29 22:28:54;GOOG;sell;2012.71;USD;5373;65fb43d4-7943-11eb-8953-8c85906a186d
2021-07-29 22:31:23;AMZN;buy;3496.04;USD;7079;65fb44ec-7943-11eb-9339-8c85906a186d
